ARM GAS  C:\Users\maari\AppData\Local\Temp\cc95yxkZ.s 			page 1


   1              		.cpu cortex-m4
   2              		.arch armv7e-m
   3              		.fpu fpv4-sp-d16
   4              		.eabi_attribute 27, 1
   5              		.eabi_attribute 28, 1
   6              		.eabi_attribute 20, 1
   7              		.eabi_attribute 21, 1
   8              		.eabi_attribute 23, 3
   9              		.eabi_attribute 24, 1
  10              		.eabi_attribute 25, 1
  11              		.eabi_attribute 26, 1
  12              		.eabi_attribute 30, 1
  13              		.eabi_attribute 34, 1
  14              		.eabi_attribute 18, 4
  15              		.file	"syscalls.c"
  16              		.text
  17              	.Ltext0:
  18              		.cfi_sections	.debug_frame
  19              		.file 1 "Core/Src/syscalls.c"
  20              		.section	.text.initialise_monitor_handles,"ax",%progbits
  21              		.align	1
  22              		.global	initialise_monitor_handles
  23              		.syntax unified
  24              		.thumb
  25              		.thumb_func
  27              	initialise_monitor_handles:
  28              	.LFB25:
   1:Core/Src/syscalls.c **** /**
   2:Core/Src/syscalls.c ****  ******************************************************************************
   3:Core/Src/syscalls.c ****  * @file      syscalls.c
   4:Core/Src/syscalls.c ****  * @author    Auto-generated by STM32CubeMX
   5:Core/Src/syscalls.c ****  * @brief     Minimal System calls file
   6:Core/Src/syscalls.c ****  *
   7:Core/Src/syscalls.c ****  *            For more information about which c-functions
   8:Core/Src/syscalls.c ****  *            need which of these lowlevel functions
   9:Core/Src/syscalls.c ****  *            please consult the Newlib or Picolibc libc-manual
  10:Core/Src/syscalls.c ****  ******************************************************************************
  11:Core/Src/syscalls.c ****  * @attention
  12:Core/Src/syscalls.c ****  *
  13:Core/Src/syscalls.c ****  * Copyright (c) 2020-2025 STMicroelectronics.
  14:Core/Src/syscalls.c ****  * All rights reserved.
  15:Core/Src/syscalls.c ****  *
  16:Core/Src/syscalls.c ****  * This software is licensed under terms that can be found in the LICENSE file
  17:Core/Src/syscalls.c ****  * in the root directory of this software component.
  18:Core/Src/syscalls.c ****  * If no LICENSE file comes with this software, it is provided AS-IS.
  19:Core/Src/syscalls.c ****  *
  20:Core/Src/syscalls.c ****  ******************************************************************************
  21:Core/Src/syscalls.c ****  */
  22:Core/Src/syscalls.c **** 
  23:Core/Src/syscalls.c **** /* Includes */
  24:Core/Src/syscalls.c **** #include <sys/stat.h>
  25:Core/Src/syscalls.c **** #include <stdlib.h>
  26:Core/Src/syscalls.c **** #include <errno.h>
  27:Core/Src/syscalls.c **** #include <stdio.h>
  28:Core/Src/syscalls.c **** #include <signal.h>
  29:Core/Src/syscalls.c **** #include <time.h>
  30:Core/Src/syscalls.c **** #include <sys/time.h>
ARM GAS  C:\Users\maari\AppData\Local\Temp\cc95yxkZ.s 			page 2


  31:Core/Src/syscalls.c **** #include <sys/times.h>
  32:Core/Src/syscalls.c **** 
  33:Core/Src/syscalls.c **** 
  34:Core/Src/syscalls.c **** /* Variables */
  35:Core/Src/syscalls.c **** extern int __io_putchar(int ch) __attribute__((weak));
  36:Core/Src/syscalls.c **** extern int __io_getchar(void) __attribute__((weak));
  37:Core/Src/syscalls.c **** 
  38:Core/Src/syscalls.c **** 
  39:Core/Src/syscalls.c **** char *__env[1] = { 0 };
  40:Core/Src/syscalls.c **** char **environ = __env;
  41:Core/Src/syscalls.c **** 
  42:Core/Src/syscalls.c **** 
  43:Core/Src/syscalls.c **** /* Functions */
  44:Core/Src/syscalls.c **** void initialise_monitor_handles()
  45:Core/Src/syscalls.c **** {
  29              		.loc 1 45 1 view -0
  30              		.cfi_startproc
  31              		@ args = 0, pretend = 0, frame = 0
  32              		@ frame_needed = 0, uses_anonymous_args = 0
  33              		@ link register save eliminated.
  46:Core/Src/syscalls.c **** }
  34              		.loc 1 46 1 view .LVU1
  35 0000 7047     		bx	lr
  36              		.cfi_endproc
  37              	.LFE25:
  39              		.section	.text._getpid,"ax",%progbits
  40              		.align	1
  41              		.global	_getpid
  42              		.syntax unified
  43              		.thumb
  44              		.thumb_func
  46              	_getpid:
  47              	.LFB26:
  47:Core/Src/syscalls.c **** 
  48:Core/Src/syscalls.c **** int _getpid(void)
  49:Core/Src/syscalls.c **** {
  48              		.loc 1 49 1 view -0
  49              		.cfi_startproc
  50              		@ args = 0, pretend = 0, frame = 0
  51              		@ frame_needed = 0, uses_anonymous_args = 0
  52              		@ link register save eliminated.
  50:Core/Src/syscalls.c ****   return 1;
  53              		.loc 1 50 3 view .LVU3
  51:Core/Src/syscalls.c **** }
  54              		.loc 1 51 1 is_stmt 0 view .LVU4
  55 0000 0120     		movs	r0, #1
  56 0002 7047     		bx	lr
  57              		.cfi_endproc
  58              	.LFE26:
  60              		.section	.text._kill,"ax",%progbits
  61              		.align	1
  62              		.global	_kill
  63              		.syntax unified
  64              		.thumb
  65              		.thumb_func
  67              	_kill:
  68              	.LVL0:
ARM GAS  C:\Users\maari\AppData\Local\Temp\cc95yxkZ.s 			page 3


  69              	.LFB27:
  52:Core/Src/syscalls.c **** 
  53:Core/Src/syscalls.c **** int _kill(int pid, int sig)
  54:Core/Src/syscalls.c **** {
  70              		.loc 1 54 1 is_stmt 1 view -0
  71              		.cfi_startproc
  72              		@ args = 0, pretend = 0, frame = 0
  73              		@ frame_needed = 0, uses_anonymous_args = 0
  74              		.loc 1 54 1 is_stmt 0 view .LVU6
  75 0000 08B5     		push	{r3, lr}
  76              	.LCFI0:
  77              		.cfi_def_cfa_offset 8
  78              		.cfi_offset 3, -8
  79              		.cfi_offset 14, -4
  55:Core/Src/syscalls.c ****   (void)pid;
  80              		.loc 1 55 3 is_stmt 1 view .LVU7
  56:Core/Src/syscalls.c ****   (void)sig;
  81              		.loc 1 56 3 view .LVU8
  57:Core/Src/syscalls.c ****   errno = EINVAL;
  82              		.loc 1 57 3 view .LVU9
  83 0002 FFF7FEFF 		bl	__errno
  84              	.LVL1:
  85              		.loc 1 57 9 is_stmt 0 discriminator 1 view .LVU10
  86 0006 1623     		movs	r3, #22
  87 0008 0360     		str	r3, [r0]
  58:Core/Src/syscalls.c ****   return -1;
  88              		.loc 1 58 3 is_stmt 1 view .LVU11
  59:Core/Src/syscalls.c **** }
  89              		.loc 1 59 1 is_stmt 0 view .LVU12
  90 000a 4FF0FF30 		mov	r0, #-1
  91 000e 08BD     		pop	{r3, pc}
  92              		.cfi_endproc
  93              	.LFE27:
  95              		.section	.text._exit,"ax",%progbits
  96              		.align	1
  97              		.global	_exit
  98              		.syntax unified
  99              		.thumb
 100              		.thumb_func
 102              	_exit:
 103              	.LVL2:
 104              	.LFB28:
  60:Core/Src/syscalls.c **** 
  61:Core/Src/syscalls.c **** void _exit (int status)
  62:Core/Src/syscalls.c **** {
 105              		.loc 1 62 1 is_stmt 1 view -0
 106              		.cfi_startproc
 107              		@ Volatile: function does not return.
 108              		@ args = 0, pretend = 0, frame = 0
 109              		@ frame_needed = 0, uses_anonymous_args = 0
 110              		.loc 1 62 1 is_stmt 0 view .LVU14
 111 0000 08B5     		push	{r3, lr}
 112              	.LCFI1:
 113              		.cfi_def_cfa_offset 8
 114              		.cfi_offset 3, -8
 115              		.cfi_offset 14, -4
  63:Core/Src/syscalls.c ****   _kill(status, -1);
ARM GAS  C:\Users\maari\AppData\Local\Temp\cc95yxkZ.s 			page 4


 116              		.loc 1 63 3 is_stmt 1 view .LVU15
 117              	.LVL3:
 118              	.LBB4:
 119              	.LBI4:
  53:Core/Src/syscalls.c **** {
 120              		.loc 1 53 5 view .LVU16
 121              	.LBB5:
  55:Core/Src/syscalls.c ****   (void)sig;
 122              		.loc 1 55 3 view .LVU17
  56:Core/Src/syscalls.c ****   errno = EINVAL;
 123              		.loc 1 56 3 view .LVU18
  57:Core/Src/syscalls.c ****   return -1;
 124              		.loc 1 57 3 view .LVU19
 125 0002 FFF7FEFF 		bl	__errno
 126              	.LVL4:
  57:Core/Src/syscalls.c ****   return -1;
 127              		.loc 1 57 9 is_stmt 0 discriminator 1 view .LVU20
 128 0006 1623     		movs	r3, #22
 129 0008 0360     		str	r3, [r0]
  58:Core/Src/syscalls.c **** }
 130              		.loc 1 58 3 is_stmt 1 view .LVU21
 131              	.LVL5:
 132              	.L6:
  58:Core/Src/syscalls.c **** }
 133              		.loc 1 58 3 is_stmt 0 view .LVU22
 134              	.LBE5:
 135              	.LBE4:
  64:Core/Src/syscalls.c ****   while (1) {}    /* Make sure we hang here */
 136              		.loc 1 64 3 is_stmt 1 view .LVU23
 137              		.loc 1 64 14 view .LVU24
 138              		.loc 1 64 9 view .LVU25
 139 000a FEE7     		b	.L6
 140              		.cfi_endproc
 141              	.LFE28:
 143              		.section	.text._read,"ax",%progbits
 144              		.align	1
 145              		.weak	_read
 146              		.syntax unified
 147              		.thumb
 148              		.thumb_func
 150              	_read:
 151              	.LVL6:
 152              	.LFB29:
  65:Core/Src/syscalls.c **** }
  66:Core/Src/syscalls.c **** 
  67:Core/Src/syscalls.c **** __attribute__((weak)) int _read(int file, char *ptr, int len)
  68:Core/Src/syscalls.c **** {
 153              		.loc 1 68 1 view -0
 154              		.cfi_startproc
 155              		@ args = 0, pretend = 0, frame = 0
 156              		@ frame_needed = 0, uses_anonymous_args = 0
 157              		.loc 1 68 1 is_stmt 0 view .LVU27
 158 0000 70B5     		push	{r4, r5, r6, lr}
 159              	.LCFI2:
 160              		.cfi_def_cfa_offset 16
 161              		.cfi_offset 4, -16
 162              		.cfi_offset 5, -12
ARM GAS  C:\Users\maari\AppData\Local\Temp\cc95yxkZ.s 			page 5


 163              		.cfi_offset 6, -8
 164              		.cfi_offset 14, -4
  69:Core/Src/syscalls.c ****   (void)file;
 165              		.loc 1 69 3 is_stmt 1 view .LVU28
  70:Core/Src/syscalls.c ****   int DataIdx;
 166              		.loc 1 70 3 view .LVU29
  71:Core/Src/syscalls.c **** 
  72:Core/Src/syscalls.c ****   for (DataIdx = 0; DataIdx < len; DataIdx++)
 167              		.loc 1 72 3 view .LVU30
 168              	.LVL7:
 169              		.loc 1 72 29 discriminator 1 view .LVU31
 170 0002 161E     		subs	r6, r2, #0
 171 0004 07DD     		ble	.L9
 172 0006 0C46     		mov	r4, r1
 173 0008 8D19     		adds	r5, r1, r6
 174              	.LVL8:
 175              	.L10:
  73:Core/Src/syscalls.c ****   {
  74:Core/Src/syscalls.c ****     *ptr++ = __io_getchar();
 176              		.loc 1 74 5 view .LVU32
 177              		.loc 1 74 14 is_stmt 0 view .LVU33
 178 000a FFF7FEFF 		bl	__io_getchar
 179              	.LVL9:
 180              		.loc 1 74 12 discriminator 1 view .LVU34
 181 000e 04F8010B 		strb	r0, [r4], #1
 182              	.LVL10:
  72:Core/Src/syscalls.c ****   {
 183              		.loc 1 72 43 is_stmt 1 discriminator 3 view .LVU35
  72:Core/Src/syscalls.c ****   {
 184              		.loc 1 72 29 discriminator 1 view .LVU36
 185 0012 A542     		cmp	r5, r4
 186 0014 F9D1     		bne	.L10
 187              	.LVL11:
 188              	.L9:
  75:Core/Src/syscalls.c ****   }
  76:Core/Src/syscalls.c **** 
  77:Core/Src/syscalls.c ****   return len;
 189              		.loc 1 77 3 view .LVU37
  78:Core/Src/syscalls.c **** }
 190              		.loc 1 78 1 is_stmt 0 view .LVU38
 191 0016 3046     		mov	r0, r6
 192 0018 70BD     		pop	{r4, r5, r6, pc}
 193              		.loc 1 78 1 view .LVU39
 194              		.cfi_endproc
 195              	.LFE29:
 197              		.section	.text._write,"ax",%progbits
 198              		.align	1
 199              		.weak	_write
 200              		.syntax unified
 201              		.thumb
 202              		.thumb_func
 204              	_write:
 205              	.LVL12:
 206              	.LFB30:
  79:Core/Src/syscalls.c **** 
  80:Core/Src/syscalls.c **** __attribute__((weak)) int _write(int file, char *ptr, int len)
  81:Core/Src/syscalls.c **** {
ARM GAS  C:\Users\maari\AppData\Local\Temp\cc95yxkZ.s 			page 6


 207              		.loc 1 81 1 is_stmt 1 view -0
 208              		.cfi_startproc
 209              		@ args = 0, pretend = 0, frame = 0
 210              		@ frame_needed = 0, uses_anonymous_args = 0
 211              		.loc 1 81 1 is_stmt 0 view .LVU41
 212 0000 70B5     		push	{r4, r5, r6, lr}
 213              	.LCFI3:
 214              		.cfi_def_cfa_offset 16
 215              		.cfi_offset 4, -16
 216              		.cfi_offset 5, -12
 217              		.cfi_offset 6, -8
 218              		.cfi_offset 14, -4
  82:Core/Src/syscalls.c ****   (void)file;
 219              		.loc 1 82 3 is_stmt 1 view .LVU42
  83:Core/Src/syscalls.c ****   int DataIdx;
 220              		.loc 1 83 3 view .LVU43
  84:Core/Src/syscalls.c **** 
  85:Core/Src/syscalls.c ****   for (DataIdx = 0; DataIdx < len; DataIdx++)
 221              		.loc 1 85 3 view .LVU44
 222              	.LVL13:
 223              		.loc 1 85 29 discriminator 1 view .LVU45
 224 0002 161E     		subs	r6, r2, #0
 225 0004 07DD     		ble	.L14
 226 0006 0C46     		mov	r4, r1
 227 0008 8D19     		adds	r5, r1, r6
 228              	.LVL14:
 229              	.L15:
  86:Core/Src/syscalls.c ****   {
  87:Core/Src/syscalls.c ****     __io_putchar(*ptr++);
 230              		.loc 1 87 5 view .LVU46
 231              		.loc 1 87 5 is_stmt 0 view .LVU47
 232 000a 14F8010B 		ldrb	r0, [r4], #1	@ zero_extendqisi2
 233              	.LVL15:
 234              		.loc 1 87 5 view .LVU48
 235 000e FFF7FEFF 		bl	__io_putchar
 236              	.LVL16:
  85:Core/Src/syscalls.c ****   {
 237              		.loc 1 85 43 is_stmt 1 discriminator 3 view .LVU49
  85:Core/Src/syscalls.c ****   {
 238              		.loc 1 85 29 discriminator 1 view .LVU50
 239 0012 A542     		cmp	r5, r4
 240 0014 F9D1     		bne	.L15
 241              	.LVL17:
 242              	.L14:
  88:Core/Src/syscalls.c ****   }
  89:Core/Src/syscalls.c ****   return len;
 243              		.loc 1 89 3 view .LVU51
  90:Core/Src/syscalls.c **** }
 244              		.loc 1 90 1 is_stmt 0 view .LVU52
 245 0016 3046     		mov	r0, r6
 246 0018 70BD     		pop	{r4, r5, r6, pc}
 247              		.loc 1 90 1 view .LVU53
 248              		.cfi_endproc
 249              	.LFE30:
 251              		.section	.text._close,"ax",%progbits
 252              		.align	1
 253              		.global	_close
ARM GAS  C:\Users\maari\AppData\Local\Temp\cc95yxkZ.s 			page 7


 254              		.syntax unified
 255              		.thumb
 256              		.thumb_func
 258              	_close:
 259              	.LVL18:
 260              	.LFB31:
  91:Core/Src/syscalls.c **** 
  92:Core/Src/syscalls.c **** int _close(int file)
  93:Core/Src/syscalls.c **** {
 261              		.loc 1 93 1 is_stmt 1 view -0
 262              		.cfi_startproc
 263              		@ args = 0, pretend = 0, frame = 0
 264              		@ frame_needed = 0, uses_anonymous_args = 0
 265              		@ link register save eliminated.
  94:Core/Src/syscalls.c ****   (void)file;
 266              		.loc 1 94 3 view .LVU55
  95:Core/Src/syscalls.c ****   return -1;
 267              		.loc 1 95 3 view .LVU56
  96:Core/Src/syscalls.c **** }
 268              		.loc 1 96 1 is_stmt 0 view .LVU57
 269 0000 4FF0FF30 		mov	r0, #-1
 270              	.LVL19:
 271              		.loc 1 96 1 view .LVU58
 272 0004 7047     		bx	lr
 273              		.cfi_endproc
 274              	.LFE31:
 276              		.section	.text._fstat,"ax",%progbits
 277              		.align	1
 278              		.global	_fstat
 279              		.syntax unified
 280              		.thumb
 281              		.thumb_func
 283              	_fstat:
 284              	.LVL20:
 285              	.LFB32:
  97:Core/Src/syscalls.c **** 
  98:Core/Src/syscalls.c **** 
  99:Core/Src/syscalls.c **** int _fstat(int file, struct stat *st)
 100:Core/Src/syscalls.c **** {
 286              		.loc 1 100 1 is_stmt 1 view -0
 287              		.cfi_startproc
 288              		@ args = 0, pretend = 0, frame = 0
 289              		@ frame_needed = 0, uses_anonymous_args = 0
 290              		@ link register save eliminated.
 101:Core/Src/syscalls.c ****   (void)file;
 291              		.loc 1 101 3 view .LVU60
 102:Core/Src/syscalls.c ****   st->st_mode = S_IFCHR;
 292              		.loc 1 102 3 view .LVU61
 293              		.loc 1 102 15 is_stmt 0 view .LVU62
 294 0000 4FF40053 		mov	r3, #8192
 295 0004 4B60     		str	r3, [r1, #4]
 103:Core/Src/syscalls.c ****   return 0;
 296              		.loc 1 103 3 is_stmt 1 view .LVU63
 104:Core/Src/syscalls.c **** }
 297              		.loc 1 104 1 is_stmt 0 view .LVU64
 298 0006 0020     		movs	r0, #0
 299              	.LVL21:
ARM GAS  C:\Users\maari\AppData\Local\Temp\cc95yxkZ.s 			page 8


 300              		.loc 1 104 1 view .LVU65
 301 0008 7047     		bx	lr
 302              		.cfi_endproc
 303              	.LFE32:
 305              		.section	.text._isatty,"ax",%progbits
 306              		.align	1
 307              		.global	_isatty
 308              		.syntax unified
 309              		.thumb
 310              		.thumb_func
 312              	_isatty:
 313              	.LVL22:
 314              	.LFB33:
 105:Core/Src/syscalls.c **** 
 106:Core/Src/syscalls.c **** int _isatty(int file)
 107:Core/Src/syscalls.c **** {
 315              		.loc 1 107 1 is_stmt 1 view -0
 316              		.cfi_startproc
 317              		@ args = 0, pretend = 0, frame = 0
 318              		@ frame_needed = 0, uses_anonymous_args = 0
 319              		@ link register save eliminated.
 108:Core/Src/syscalls.c ****   (void)file;
 320              		.loc 1 108 3 view .LVU67
 109:Core/Src/syscalls.c ****   return 1;
 321              		.loc 1 109 3 view .LVU68
 110:Core/Src/syscalls.c **** }
 322              		.loc 1 110 1 is_stmt 0 view .LVU69
 323 0000 0120     		movs	r0, #1
 324              	.LVL23:
 325              		.loc 1 110 1 view .LVU70
 326 0002 7047     		bx	lr
 327              		.cfi_endproc
 328              	.LFE33:
 330              		.section	.text._lseek,"ax",%progbits
 331              		.align	1
 332              		.global	_lseek
 333              		.syntax unified
 334              		.thumb
 335              		.thumb_func
 337              	_lseek:
 338              	.LVL24:
 339              	.LFB34:
 111:Core/Src/syscalls.c **** 
 112:Core/Src/syscalls.c **** int _lseek(int file, int ptr, int dir)
 113:Core/Src/syscalls.c **** {
 340              		.loc 1 113 1 is_stmt 1 view -0
 341              		.cfi_startproc
 342              		@ args = 0, pretend = 0, frame = 0
 343              		@ frame_needed = 0, uses_anonymous_args = 0
 344              		@ link register save eliminated.
 114:Core/Src/syscalls.c ****   (void)file;
 345              		.loc 1 114 3 view .LVU72
 115:Core/Src/syscalls.c ****   (void)ptr;
 346              		.loc 1 115 3 view .LVU73
 116:Core/Src/syscalls.c ****   (void)dir;
 347              		.loc 1 116 3 view .LVU74
 117:Core/Src/syscalls.c ****   return 0;
ARM GAS  C:\Users\maari\AppData\Local\Temp\cc95yxkZ.s 			page 9


 348              		.loc 1 117 3 view .LVU75
 118:Core/Src/syscalls.c **** }
 349              		.loc 1 118 1 is_stmt 0 view .LVU76
 350 0000 0020     		movs	r0, #0
 351              	.LVL25:
 352              		.loc 1 118 1 view .LVU77
 353 0002 7047     		bx	lr
 354              		.cfi_endproc
 355              	.LFE34:
 357              		.section	.text._open,"ax",%progbits
 358              		.align	1
 359              		.global	_open
 360              		.syntax unified
 361              		.thumb
 362              		.thumb_func
 364              	_open:
 365              	.LVL26:
 366              	.LFB35:
 119:Core/Src/syscalls.c **** 
 120:Core/Src/syscalls.c **** int _open(char *path, int flags, ...)
 121:Core/Src/syscalls.c **** {
 367              		.loc 1 121 1 is_stmt 1 view -0
 368              		.cfi_startproc
 369              		@ args = 4, pretend = 12, frame = 0
 370              		@ frame_needed = 0, uses_anonymous_args = 1
 371              		@ link register save eliminated.
 372              		.loc 1 121 1 is_stmt 0 view .LVU79
 373 0000 0EB4     		push	{r1, r2, r3}
 374              	.LCFI4:
 375              		.cfi_def_cfa_offset 12
 376              		.cfi_offset 1, -12
 377              		.cfi_offset 2, -8
 378              		.cfi_offset 3, -4
 122:Core/Src/syscalls.c ****   (void)path;
 379              		.loc 1 122 3 is_stmt 1 view .LVU80
 123:Core/Src/syscalls.c ****   (void)flags;
 380              		.loc 1 123 3 view .LVU81
 124:Core/Src/syscalls.c ****   /* Pretend like we always fail */
 125:Core/Src/syscalls.c ****   return -1;
 381              		.loc 1 125 3 view .LVU82
 126:Core/Src/syscalls.c **** }
 382              		.loc 1 126 1 is_stmt 0 view .LVU83
 383 0002 4FF0FF30 		mov	r0, #-1
 384              	.LVL27:
 385              		.loc 1 126 1 view .LVU84
 386 0006 03B0     		add	sp, sp, #12
 387              	.LCFI5:
 388              		.cfi_restore 3
 389              		.cfi_restore 2
 390              		.cfi_restore 1
 391              		.cfi_def_cfa_offset 0
 392 0008 7047     		bx	lr
 393              		.cfi_endproc
 394              	.LFE35:
 396              		.section	.text._wait,"ax",%progbits
 397              		.align	1
 398              		.global	_wait
ARM GAS  C:\Users\maari\AppData\Local\Temp\cc95yxkZ.s 			page 10


 399              		.syntax unified
 400              		.thumb
 401              		.thumb_func
 403              	_wait:
 404              	.LVL28:
 405              	.LFB36:
 127:Core/Src/syscalls.c **** 
 128:Core/Src/syscalls.c **** int _wait(int *status)
 129:Core/Src/syscalls.c **** {
 406              		.loc 1 129 1 is_stmt 1 view -0
 407              		.cfi_startproc
 408              		@ args = 0, pretend = 0, frame = 0
 409              		@ frame_needed = 0, uses_anonymous_args = 0
 410              		.loc 1 129 1 is_stmt 0 view .LVU86
 411 0000 08B5     		push	{r3, lr}
 412              	.LCFI6:
 413              		.cfi_def_cfa_offset 8
 414              		.cfi_offset 3, -8
 415              		.cfi_offset 14, -4
 130:Core/Src/syscalls.c ****   (void)status;
 416              		.loc 1 130 3 is_stmt 1 view .LVU87
 131:Core/Src/syscalls.c ****   errno = ECHILD;
 417              		.loc 1 131 3 view .LVU88
 418 0002 FFF7FEFF 		bl	__errno
 419              	.LVL29:
 420              		.loc 1 131 9 is_stmt 0 discriminator 1 view .LVU89
 421 0006 0A23     		movs	r3, #10
 422 0008 0360     		str	r3, [r0]
 132:Core/Src/syscalls.c ****   return -1;
 423              		.loc 1 132 3 is_stmt 1 view .LVU90
 133:Core/Src/syscalls.c **** }
 424              		.loc 1 133 1 is_stmt 0 view .LVU91
 425 000a 4FF0FF30 		mov	r0, #-1
 426 000e 08BD     		pop	{r3, pc}
 427              		.cfi_endproc
 428              	.LFE36:
 430              		.section	.text._unlink,"ax",%progbits
 431              		.align	1
 432              		.global	_unlink
 433              		.syntax unified
 434              		.thumb
 435              		.thumb_func
 437              	_unlink:
 438              	.LVL30:
 439              	.LFB37:
 134:Core/Src/syscalls.c **** 
 135:Core/Src/syscalls.c **** int _unlink(char *name)
 136:Core/Src/syscalls.c **** {
 440              		.loc 1 136 1 is_stmt 1 view -0
 441              		.cfi_startproc
 442              		@ args = 0, pretend = 0, frame = 0
 443              		@ frame_needed = 0, uses_anonymous_args = 0
 444              		.loc 1 136 1 is_stmt 0 view .LVU93
 445 0000 08B5     		push	{r3, lr}
 446              	.LCFI7:
 447              		.cfi_def_cfa_offset 8
 448              		.cfi_offset 3, -8
ARM GAS  C:\Users\maari\AppData\Local\Temp\cc95yxkZ.s 			page 11


 449              		.cfi_offset 14, -4
 137:Core/Src/syscalls.c ****   (void)name;
 450              		.loc 1 137 3 is_stmt 1 view .LVU94
 138:Core/Src/syscalls.c ****   errno = ENOENT;
 451              		.loc 1 138 3 view .LVU95
 452 0002 FFF7FEFF 		bl	__errno
 453              	.LVL31:
 454              		.loc 1 138 9 is_stmt 0 discriminator 1 view .LVU96
 455 0006 0223     		movs	r3, #2
 456 0008 0360     		str	r3, [r0]
 139:Core/Src/syscalls.c ****   return -1;
 457              		.loc 1 139 3 is_stmt 1 view .LVU97
 140:Core/Src/syscalls.c **** }
 458              		.loc 1 140 1 is_stmt 0 view .LVU98
 459 000a 4FF0FF30 		mov	r0, #-1
 460 000e 08BD     		pop	{r3, pc}
 461              		.cfi_endproc
 462              	.LFE37:
 464              		.section	.text._times,"ax",%progbits
 465              		.align	1
 466              		.global	_times
 467              		.syntax unified
 468              		.thumb
 469              		.thumb_func
 471              	_times:
 472              	.LVL32:
 473              	.LFB38:
 141:Core/Src/syscalls.c **** 
 142:Core/Src/syscalls.c **** clock_t _times(struct tms *buf)
 143:Core/Src/syscalls.c **** {
 474              		.loc 1 143 1 is_stmt 1 view -0
 475              		.cfi_startproc
 476              		@ args = 0, pretend = 0, frame = 0
 477              		@ frame_needed = 0, uses_anonymous_args = 0
 478              		@ link register save eliminated.
 144:Core/Src/syscalls.c ****   (void)buf;
 479              		.loc 1 144 3 view .LVU100
 145:Core/Src/syscalls.c ****   return -1;
 480              		.loc 1 145 3 view .LVU101
 146:Core/Src/syscalls.c **** }
 481              		.loc 1 146 1 is_stmt 0 view .LVU102
 482 0000 4FF0FF30 		mov	r0, #-1
 483              	.LVL33:
 484              		.loc 1 146 1 view .LVU103
 485 0004 7047     		bx	lr
 486              		.cfi_endproc
 487              	.LFE38:
 489              		.section	.text._stat,"ax",%progbits
 490              		.align	1
 491              		.global	_stat
 492              		.syntax unified
 493              		.thumb
 494              		.thumb_func
 496              	_stat:
 497              	.LVL34:
 498              	.LFB39:
 147:Core/Src/syscalls.c **** 
ARM GAS  C:\Users\maari\AppData\Local\Temp\cc95yxkZ.s 			page 12


 148:Core/Src/syscalls.c **** int _stat(const char *file, struct stat *st)
 149:Core/Src/syscalls.c **** {
 499              		.loc 1 149 1 is_stmt 1 view -0
 500              		.cfi_startproc
 501              		@ args = 0, pretend = 0, frame = 0
 502              		@ frame_needed = 0, uses_anonymous_args = 0
 503              		@ link register save eliminated.
 150:Core/Src/syscalls.c ****   (void)file;
 504              		.loc 1 150 3 view .LVU105
 151:Core/Src/syscalls.c ****   st->st_mode = S_IFCHR;
 505              		.loc 1 151 3 view .LVU106
 506              		.loc 1 151 15 is_stmt 0 view .LVU107
 507 0000 4FF40053 		mov	r3, #8192
 508 0004 4B60     		str	r3, [r1, #4]
 152:Core/Src/syscalls.c ****   return 0;
 509              		.loc 1 152 3 is_stmt 1 view .LVU108
 153:Core/Src/syscalls.c **** }
 510              		.loc 1 153 1 is_stmt 0 view .LVU109
 511 0006 0020     		movs	r0, #0
 512              	.LVL35:
 513              		.loc 1 153 1 view .LVU110
 514 0008 7047     		bx	lr
 515              		.cfi_endproc
 516              	.LFE39:
 518              		.section	.text._link,"ax",%progbits
 519              		.align	1
 520              		.global	_link
 521              		.syntax unified
 522              		.thumb
 523              		.thumb_func
 525              	_link:
 526              	.LVL36:
 527              	.LFB40:
 154:Core/Src/syscalls.c **** 
 155:Core/Src/syscalls.c **** int _link(char *old, char *new)
 156:Core/Src/syscalls.c **** {
 528              		.loc 1 156 1 is_stmt 1 view -0
 529              		.cfi_startproc
 530              		@ args = 0, pretend = 0, frame = 0
 531              		@ frame_needed = 0, uses_anonymous_args = 0
 532              		.loc 1 156 1 is_stmt 0 view .LVU112
 533 0000 08B5     		push	{r3, lr}
 534              	.LCFI8:
 535              		.cfi_def_cfa_offset 8
 536              		.cfi_offset 3, -8
 537              		.cfi_offset 14, -4
 157:Core/Src/syscalls.c ****   (void)old;
 538              		.loc 1 157 3 is_stmt 1 view .LVU113
 158:Core/Src/syscalls.c ****   (void)new;
 539              		.loc 1 158 3 view .LVU114
 159:Core/Src/syscalls.c ****   errno = EMLINK;
 540              		.loc 1 159 3 view .LVU115
 541 0002 FFF7FEFF 		bl	__errno
 542              	.LVL37:
 543              		.loc 1 159 9 is_stmt 0 discriminator 1 view .LVU116
 544 0006 1F23     		movs	r3, #31
 545 0008 0360     		str	r3, [r0]
ARM GAS  C:\Users\maari\AppData\Local\Temp\cc95yxkZ.s 			page 13


 160:Core/Src/syscalls.c ****   return -1;
 546              		.loc 1 160 3 is_stmt 1 view .LVU117
 161:Core/Src/syscalls.c **** }
 547              		.loc 1 161 1 is_stmt 0 view .LVU118
 548 000a 4FF0FF30 		mov	r0, #-1
 549 000e 08BD     		pop	{r3, pc}
 550              		.cfi_endproc
 551              	.LFE40:
 553              		.section	.text._fork,"ax",%progbits
 554              		.align	1
 555              		.global	_fork
 556              		.syntax unified
 557              		.thumb
 558              		.thumb_func
 560              	_fork:
 561              	.LFB41:
 162:Core/Src/syscalls.c **** 
 163:Core/Src/syscalls.c **** int _fork(void)
 164:Core/Src/syscalls.c **** {
 562              		.loc 1 164 1 is_stmt 1 view -0
 563              		.cfi_startproc
 564              		@ args = 0, pretend = 0, frame = 0
 565              		@ frame_needed = 0, uses_anonymous_args = 0
 566 0000 08B5     		push	{r3, lr}
 567              	.LCFI9:
 568              		.cfi_def_cfa_offset 8
 569              		.cfi_offset 3, -8
 570              		.cfi_offset 14, -4
 165:Core/Src/syscalls.c ****   errno = EAGAIN;
 571              		.loc 1 165 3 view .LVU120
 572 0002 FFF7FEFF 		bl	__errno
 573              	.LVL38:
 574              		.loc 1 165 9 is_stmt 0 discriminator 1 view .LVU121
 575 0006 0B23     		movs	r3, #11
 576 0008 0360     		str	r3, [r0]
 166:Core/Src/syscalls.c ****   return -1;
 577              		.loc 1 166 3 is_stmt 1 view .LVU122
 167:Core/Src/syscalls.c **** }
 578              		.loc 1 167 1 is_stmt 0 view .LVU123
 579 000a 4FF0FF30 		mov	r0, #-1
 580 000e 08BD     		pop	{r3, pc}
 581              		.cfi_endproc
 582              	.LFE41:
 584              		.section	.text._execve,"ax",%progbits
 585              		.align	1
 586              		.global	_execve
 587              		.syntax unified
 588              		.thumb
 589              		.thumb_func
 591              	_execve:
 592              	.LVL39:
 593              	.LFB42:
 168:Core/Src/syscalls.c **** 
 169:Core/Src/syscalls.c **** int _execve(char *name, char **argv, char **env)
 170:Core/Src/syscalls.c **** {
 594              		.loc 1 170 1 is_stmt 1 view -0
 595              		.cfi_startproc
ARM GAS  C:\Users\maari\AppData\Local\Temp\cc95yxkZ.s 			page 14


 596              		@ args = 0, pretend = 0, frame = 0
 597              		@ frame_needed = 0, uses_anonymous_args = 0
 598              		.loc 1 170 1 is_stmt 0 view .LVU125
 599 0000 08B5     		push	{r3, lr}
 600              	.LCFI10:
 601              		.cfi_def_cfa_offset 8
 602              		.cfi_offset 3, -8
 603              		.cfi_offset 14, -4
 171:Core/Src/syscalls.c ****   (void)name;
 604              		.loc 1 171 3 is_stmt 1 view .LVU126
 172:Core/Src/syscalls.c ****   (void)argv;
 605              		.loc 1 172 3 view .LVU127
 173:Core/Src/syscalls.c ****   (void)env;
 606              		.loc 1 173 3 view .LVU128
 174:Core/Src/syscalls.c ****   errno = ENOMEM;
 607              		.loc 1 174 3 view .LVU129
 608 0002 FFF7FEFF 		bl	__errno
 609              	.LVL40:
 610              		.loc 1 174 9 is_stmt 0 discriminator 1 view .LVU130
 611 0006 0C23     		movs	r3, #12
 612 0008 0360     		str	r3, [r0]
 175:Core/Src/syscalls.c ****   return -1;
 613              		.loc 1 175 3 is_stmt 1 view .LVU131
 176:Core/Src/syscalls.c **** }
 614              		.loc 1 176 1 is_stmt 0 view .LVU132
 615 000a 4FF0FF30 		mov	r0, #-1
 616 000e 08BD     		pop	{r3, pc}
 617              		.cfi_endproc
 618              	.LFE42:
 620              		.global	environ
 621              		.section	.data.environ,"aw"
 622              		.align	2
 625              	environ:
 626 0000 00000000 		.word	__env
 627              		.global	__env
 628              		.section	.bss.__env,"aw",%nobits
 629              		.align	2
 632              	__env:
 633 0000 00000000 		.space	4
 634              		.weak	__io_putchar
 635              		.weak	__io_getchar
 636              		.text
 637              	.Letext0:
 638              		.file 2 "C:\\ST\\STM32CubeIDE_1.19.0\\STM32CubeIDE\\plugins\\com.st.stm32cube.ide.mcu.externaltool
 639              		.file 3 "C:\\ST\\STM32CubeIDE_1.19.0\\STM32CubeIDE\\plugins\\com.st.stm32cube.ide.mcu.externaltool
 640              		.file 4 "C:\\ST\\STM32CubeIDE_1.19.0\\STM32CubeIDE\\plugins\\com.st.stm32cube.ide.mcu.externaltool
 641              		.file 5 "C:\\ST\\STM32CubeIDE_1.19.0\\STM32CubeIDE\\plugins\\com.st.stm32cube.ide.mcu.externaltool
 642              		.file 6 "C:\\ST\\STM32CubeIDE_1.19.0\\STM32CubeIDE\\plugins\\com.st.stm32cube.ide.mcu.externaltool
 643              		.file 7 "C:\\ST\\STM32CubeIDE_1.19.0\\STM32CubeIDE\\plugins\\com.st.stm32cube.ide.mcu.externaltool
 644              		.file 8 "C:\\ST\\STM32CubeIDE_1.19.0\\STM32CubeIDE\\plugins\\com.st.stm32cube.ide.mcu.externaltool
 645              		.file 9 "C:\\ST\\STM32CubeIDE_1.19.0\\STM32CubeIDE\\plugins\\com.st.stm32cube.ide.mcu.externaltool
ARM GAS  C:\Users\maari\AppData\Local\Temp\cc95yxkZ.s 			page 15


DEFINED SYMBOLS
                            *ABS*:00000000 syscalls.c
C:\Users\maari\AppData\Local\Temp\cc95yxkZ.s:21     .text.initialise_monitor_handles:00000000 $t
C:\Users\maari\AppData\Local\Temp\cc95yxkZ.s:27     .text.initialise_monitor_handles:00000000 initialise_monitor_handles
C:\Users\maari\AppData\Local\Temp\cc95yxkZ.s:40     .text._getpid:00000000 $t
C:\Users\maari\AppData\Local\Temp\cc95yxkZ.s:46     .text._getpid:00000000 _getpid
C:\Users\maari\AppData\Local\Temp\cc95yxkZ.s:61     .text._kill:00000000 $t
C:\Users\maari\AppData\Local\Temp\cc95yxkZ.s:67     .text._kill:00000000 _kill
C:\Users\maari\AppData\Local\Temp\cc95yxkZ.s:96     .text._exit:00000000 $t
C:\Users\maari\AppData\Local\Temp\cc95yxkZ.s:102    .text._exit:00000000 _exit
C:\Users\maari\AppData\Local\Temp\cc95yxkZ.s:144    .text._read:00000000 $t
C:\Users\maari\AppData\Local\Temp\cc95yxkZ.s:150    .text._read:00000000 _read
C:\Users\maari\AppData\Local\Temp\cc95yxkZ.s:198    .text._write:00000000 $t
C:\Users\maari\AppData\Local\Temp\cc95yxkZ.s:204    .text._write:00000000 _write
C:\Users\maari\AppData\Local\Temp\cc95yxkZ.s:252    .text._close:00000000 $t
C:\Users\maari\AppData\Local\Temp\cc95yxkZ.s:258    .text._close:00000000 _close
C:\Users\maari\AppData\Local\Temp\cc95yxkZ.s:277    .text._fstat:00000000 $t
C:\Users\maari\AppData\Local\Temp\cc95yxkZ.s:283    .text._fstat:00000000 _fstat
C:\Users\maari\AppData\Local\Temp\cc95yxkZ.s:306    .text._isatty:00000000 $t
C:\Users\maari\AppData\Local\Temp\cc95yxkZ.s:312    .text._isatty:00000000 _isatty
C:\Users\maari\AppData\Local\Temp\cc95yxkZ.s:331    .text._lseek:00000000 $t
C:\Users\maari\AppData\Local\Temp\cc95yxkZ.s:337    .text._lseek:00000000 _lseek
C:\Users\maari\AppData\Local\Temp\cc95yxkZ.s:358    .text._open:00000000 $t
C:\Users\maari\AppData\Local\Temp\cc95yxkZ.s:364    .text._open:00000000 _open
C:\Users\maari\AppData\Local\Temp\cc95yxkZ.s:397    .text._wait:00000000 $t
C:\Users\maari\AppData\Local\Temp\cc95yxkZ.s:403    .text._wait:00000000 _wait
C:\Users\maari\AppData\Local\Temp\cc95yxkZ.s:431    .text._unlink:00000000 $t
C:\Users\maari\AppData\Local\Temp\cc95yxkZ.s:437    .text._unlink:00000000 _unlink
C:\Users\maari\AppData\Local\Temp\cc95yxkZ.s:465    .text._times:00000000 $t
C:\Users\maari\AppData\Local\Temp\cc95yxkZ.s:471    .text._times:00000000 _times
C:\Users\maari\AppData\Local\Temp\cc95yxkZ.s:490    .text._stat:00000000 $t
C:\Users\maari\AppData\Local\Temp\cc95yxkZ.s:496    .text._stat:00000000 _stat
C:\Users\maari\AppData\Local\Temp\cc95yxkZ.s:519    .text._link:00000000 $t
C:\Users\maari\AppData\Local\Temp\cc95yxkZ.s:525    .text._link:00000000 _link
C:\Users\maari\AppData\Local\Temp\cc95yxkZ.s:554    .text._fork:00000000 $t
C:\Users\maari\AppData\Local\Temp\cc95yxkZ.s:560    .text._fork:00000000 _fork
C:\Users\maari\AppData\Local\Temp\cc95yxkZ.s:585    .text._execve:00000000 $t
C:\Users\maari\AppData\Local\Temp\cc95yxkZ.s:591    .text._execve:00000000 _execve
C:\Users\maari\AppData\Local\Temp\cc95yxkZ.s:625    .data.environ:00000000 environ
C:\Users\maari\AppData\Local\Temp\cc95yxkZ.s:622    .data.environ:00000000 $d
C:\Users\maari\AppData\Local\Temp\cc95yxkZ.s:632    .bss.__env:00000000 __env
C:\Users\maari\AppData\Local\Temp\cc95yxkZ.s:629    .bss.__env:00000000 $d

UNDEFINED SYMBOLS
__errno
__io_getchar
__io_putchar
